z:\cs553\samplew\debug\sample.obj
z:\cs553\samplew\debug\vc100.pdb
z:\cs553~1\samplew\debug\sample.obj
z:\cs553~1\samplew\debug\vc100.pdb
k:\cs550\sample\debug\sample.obj
k:\cs550\sample\debug\vc100.pdb
k:\cs550\samplefreeglut\debug\sample.obj
k:\cs550\samplefreeglut\debug\vc100.pdb
z:\cs553\samplew\debug\sample.exe
z:\cs553\samplew\debug\sample.exe.intermediate.manifest
z:\cs553\samplew\debug\sample.pdb
z:\cs553~1\samplew\debug\sample.exe
z:\cs553~1\samplew\debug\sample.exe.intermediate.manifest
z:\cs553~1\samplew\debug\sample.pdb
k:\cs550\sample\debug\sample.exe
k:\cs550\sample\debug\sample.exe.intermediate.manifest
k:\cs550\sample\debug\sample.pdb
k:\cs550\samplefreeglut\debug\sample.pdb
k:\cs550\samplefreeglut\debug\sample.exe
y:\cs550\sample2022\debug\vc143.pdb
y:\cs550\sample2022\debug\vc143.idb
y:\cs550\sample2022\debug\sample.obj
y:\cs550\samplefreeglut2019\debug\sample.exe
y:\cs550\samplefreeglut2019\debug\sample.pdb
y:\cs550\sample2022\debug\sample.exe
y:\cs550\sample2022\debug\sample.pdb
c:\users\jackh\documents\school\cs 450\project 1\debug\sample.vcxprojresolveassemblyreference.cache
c:\users\jackh\documents\school\cs 450\project 1\debug\sample.obj
c:\users\jackh\documents\school\cs 450\project 1\debug\cl.command.1.tlog
c:\users\jackh\documents\school\cs 450\project 1\debug\cl.read.1.tlog
c:\users\jackh\documents\school\cs 450\project 1\debug\cl.write.1.tlog
c:\users\jackh\documents\school\cs 450\project 1\debug\link.command.1.tlog
c:\users\jackh\documents\school\cs 450\project 1\debug\link.read.1.tlog
c:\users\jackh\documents\school\cs 450\project 1\debug\link.write.1.tlog
c:\users\jackh\documents\school\cs 450\project 1\debug\mt.command.1.tlog
c:\users\jackh\documents\school\cs 450\project 1\debug\mt.read.1.tlog
c:\users\jackh\documents\school\cs 450\project 1\debug\mt.write.1.tlog
c:\users\jackh\documents\school\cs 450\project 1\debug\sample.write.1.tlog
c:\users\jackh\documents\school\cs 450\project 1\debug\vc120.idb
c:\users\jackh\documents\school\cs 450\project 1\debug\vc140.idb
c:\users\jackh\documents\school\cs 450\project 1\debug\vc141.idb
c:\users\jackh\documents\school\cs 450\project 1\debug\vc142.idb
c:\users\jackh\documents\school\cs 450\project 1\debug\vc143.idb
c:\users\jackh\documents\school\cs 450\project 1\debug\sample.pdb
c:\users\jackh\documents\school\cs 450\project 1\debug\vc120.pdb
c:\users\jackh\documents\school\cs 450\project 1\debug\vc140.pdb
c:\users\jackh\documents\school\cs 450\project 1\debug\vc141.pdb
c:\users\jackh\documents\school\cs 450\project 1\debug\vc142.pdb
c:\users\jackh\documents\school\cs 450\project 1\debug\vc143.pdb
c:\users\jackh\documents\school\cs 450\project 1\debug\sample.exe
c:\users\jackh\documents\school\cs 450\project 1\debug\sample.tlog\cl.command.1.tlog
c:\users\jackh\documents\school\cs 450\project 1\debug\sample.tlog\cl.items.tlog
c:\users\jackh\documents\school\cs 450\project 1\debug\sample.tlog\cl.read.1.tlog
c:\users\jackh\documents\school\cs 450\project 1\debug\sample.tlog\cl.write.1.tlog
c:\users\jackh\documents\school\cs 450\project 1\debug\sample.tlog\link.command.1.tlog
c:\users\jackh\documents\school\cs 450\project 1\debug\sample.tlog\link.read.1.tlog
c:\users\jackh\documents\school\cs 450\project 1\debug\sample.tlog\link.write.1.tlog
